This file contains any messages produced by compilers while
running configure, to aid debugging if configure makes a mistake.

It was created by ejabberd configure 25.04, which was
generated by GNU Autoconf 2.72.  Invocation command line was

  $ ./configure --enable-pgsql

## --------- ##
## Platform. ##
## --------- ##

hostname = localhost
uname -m = aarch64
uname -r = 4.14.83+
uname -s = Linux
uname -v = #1 SMP PREEMPT Thu Aug 22 20:41:14 +07 2019

/usr/bin/uname -p = unknown
/bin/uname -X     = unknown

/bin/arch              = unknown
/usr/bin/arch -k       = unknown
/usr/convex/getsysinfo = unknown
/usr/bin/hostinfo      = unknown
/bin/machine           = unknown
/usr/bin/oslevel       = unknown
/bin/universe          = unknown

PATH: /data/data/com.termux/files/usr/bin/


## ----------- ##
## Core tests. ##
## ----------- ##

configure:2183: looking for aux files: install-sh
configure:2196:  trying ./
configure:2207:   ./install-sh found
configure:2359: checking whether make sets $(MAKE)
configure:2383: result: yes
configure:2396: checking for gawk
configure:2417: found /data/data/com.termux/files/usr/bin/gawk
configure:2429: result: gawk
configure:2456: checking for a BSD-compatible install
configure:2530: result: /data/data/com.termux/files/usr/bin/install -c
configure:2542: checking for a race-free mkdir -p
configure:2585: result: /data/data/com.termux/files/usr/bin/mkdir -p
configure:2588: checking for a sed that does not truncate output
configure:2660: result: /data/data/com.termux/files/usr/bin/sed
configure:2752: checking for erl
configure:2775: found /data/data/com.termux/files/usr/bin/erl
configure:2788: result: /data/data/com.termux/files/usr/bin/erl
configure:2862: checking for erlc
configure:2885: found /data/data/com.termux/files/usr/bin/erlc
configure:2898: result: /data/data/com.termux/files/usr/bin/erlc
configure:2972: checking for epmd
configure:2995: found /data/data/com.termux/files/usr/bin/epmd
configure:3008: result: /data/data/com.termux/files/usr/bin/epmd
configure:3083: checking for rebar
configure:3122: result: no
configure:3193: checking for rebar3
configure:3232: result: no
configure:3303: checking for elixir
configure:3326: found /data/data/com.termux/files/usr/bin/elixir
configure:3339: result: /data/data/com.termux/files/usr/bin/elixir
configure:3413: checking for iex
configure:3436: found /data/data/com.termux/files/usr/bin/iex
configure:3449: result: /data/data/com.termux/files/usr/bin/iex
configure:3523: checking for mix
configure:3546: found /data/data/com.termux/files/usr/bin/mix
configure:3559: result: /data/data/com.termux/files/usr/bin/mix
configure:3652: checking for erl
configure:3688: result: /data/data/com.termux/files/usr/bin/erl
configure:3767: checking for erlc
configure:3803: result: /data/data/com.termux/files/usr/bin/erlc
configure:3832: checking for Erlang/OTP root directory
configure:3844: result: /data/data/com.termux/files/usr/lib/erlang
configure:3854: checking for escript
configure:3877: found /data/data/com.termux/files/usr/lib/erlang/bin/escript
configure:3890: result: /data/data/com.termux/files/usr/lib/erlang/bin/escript
configure:3902: checking for make
configure:3923: found /data/data/com.termux/files/usr/bin/make
configure:3935: result: make
configure:4005: checking Erlang/OTP version
configure:4085: result: ok
configure:5636: result: build tool to use (change using --with-rebar): /data/data/com.termux/files/usr/bin/mix
configure:5811: creating ./config.status

## ---------------------- ##
## Running config.status. ##
## ---------------------- ##

This file was extended by ejabberd config.status 25.04, which was
generated by GNU Autoconf 2.72.  Invocation command line was

  CONFIG_FILES    = 
  CONFIG_HEADERS  = 
  CONFIG_LINKS    = 
  CONFIG_COMMANDS = 
  $ ./config.status 

on localhost

config.status:764: creating Makefile
config.status:764: creating vars.config

## ---------------- ##
## Cache variables. ##
## ---------------- ##

ac_cv_env_CC_set=''
ac_cv_env_CC_value=''
ac_cv_env_CFLAGS_set=''
ac_cv_env_CFLAGS_value=''
ac_cv_env_CPPFLAGS_set=''
ac_cv_env_CPPFLAGS_value=''
ac_cv_env_ERLCFLAGS_set=''
ac_cv_env_ERLCFLAGS_value=''
ac_cv_env_ERLC_set=''
ac_cv_env_ERLC_value=''
ac_cv_env_ERL_set=''
ac_cv_env_ERL_value=''
ac_cv_env_LDFLAGS_set=''
ac_cv_env_LDFLAGS_value=''
ac_cv_env_LIBS_set=''
ac_cv_env_LIBS_value=''
ac_cv_env_build_alias_set=''
ac_cv_env_build_alias_value=''
ac_cv_env_host_alias_set=''
ac_cv_env_host_alias_value=''
ac_cv_env_target_alias_set=''
ac_cv_env_target_alias_value=''
ac_cv_erlang_root_dir='/data/data/com.termux/files/usr/lib/erlang'
ac_cv_path_ESCRIPT='/data/data/com.termux/files/usr/lib/erlang/bin/escript'
ac_cv_path_SED='/data/data/com.termux/files/usr/bin/sed'
ac_cv_path_ac_pt_ELIXIR='/data/data/com.termux/files/usr/bin/elixir'
ac_cv_path_ac_pt_EPMD='/data/data/com.termux/files/usr/bin/epmd'
ac_cv_path_ac_pt_ERL='/data/data/com.termux/files/usr/bin/erl'
ac_cv_path_ac_pt_ERLC='/data/data/com.termux/files/usr/bin/erlc'
ac_cv_path_ac_pt_IEX='/data/data/com.termux/files/usr/bin/iex'
ac_cv_path_ac_pt_MIX='/data/data/com.termux/files/usr/bin/mix'
ac_cv_path_install='/data/data/com.termux/files/usr/bin/install -c'
ac_cv_path_mkdir='/data/data/com.termux/files/usr/bin/mkdir'
ac_cv_prog_AWK='gawk'
ac_cv_prog_MAKE='make'
ac_cv_prog_make_make_set='yes'

## ----------------- ##
## Output variables. ##
## ----------------- ##

AWK='gawk'
CC=''
CFLAGS=''
CPPFLAGS=''
DEFS='-DPACKAGE_NAME=\"ejabberd\" -DPACKAGE_TARNAME=\"ejabberd\" -DPACKAGE_VERSION=\"25.04\" -DPACKAGE_STRING=\"ejabberd\ 25.04\" -DPACKAGE_BUGREPORT=\"ejabberd@process-one.net\" -DPACKAGE_URL=\"\"'
ECHO_C=''
ECHO_N='-n'
ECHO_T=''
ELIXIR='/data/data/com.termux/files/usr/bin/elixir'
EPMD='/data/data/com.termux/files/usr/bin/epmd'
ERL='/data/data/com.termux/files/usr/bin/erl'
ERLANG_ROOT_DIR='/data/data/com.termux/files/usr/lib/erlang'
ERLC='/data/data/com.termux/files/usr/bin/erlc'
ERLCFLAGS=''
ESCRIPT='/data/data/com.termux/files/usr/lib/erlang/bin/escript'
EXEEXT=''
IEX='/data/data/com.termux/files/usr/bin/iex'
INSTALLGROUP=''
INSTALLUSER=''
INSTALL_DATA='${INSTALL} -m 644'
INSTALL_PROGRAM='${INSTALL}'
INSTALL_SCRIPT='${INSTALL}'
LDFLAGS=''
LIBOBJS=''
LIBS=''
LTLIBOBJS=''
MAKE='make'
MIX='/data/data/com.termux/files/usr/bin/mix'
MKDIR_P='/data/data/com.termux/files/usr/bin/mkdir -p'
OBJEXT=''
PACKAGE_BUGREPORT='ejabberd@process-one.net'
PACKAGE_NAME='ejabberd'
PACKAGE_STRING='ejabberd 25.04'
PACKAGE_TARNAME='ejabberd'
PACKAGE_URL=''
PACKAGE_VERSION='25.04'
PATH_SEPARATOR=':'
REBAR3=''
REBAR=''
SED='/data/data/com.termux/files/usr/bin/sed'
SET_MAKE=''
SHELL='/data/data/com.termux/files/usr/bin/sh'
SQLITE3_CFLAGS=''
SQLITE3_LDFLAGS=''
SQLITE3_VERSION=''
ac_ct_CC=''
bindir='${exec_prefix}/bin'
build_alias=''
datadir='${datarootdir}'
datarootdir='${prefix}/share'
debug='true'
docdir='${datarootdir}/doc/${PACKAGE_TARNAME}'
dvidir='${docdir}'
elixir='false'
exec_prefix='${prefix}'
full_xml='false'
host_alias=''
htmldir='${docdir}'
includedir='${prefix}/include'
infodir='${datarootdir}/info'
latest_deps='false'
libdir='${exec_prefix}/lib'
libexecdir='${exec_prefix}/libexec'
localedir='${datarootdir}/locale'
localstatedir='${prefix}/var'
lua='false'
mandir='${datarootdir}/man'
mssql='false'
mysql='false'
new_sql_schema='false'
odbc='false'
oldincludedir='/usr/include'
pam='false'
pdfdir='${docdir}'
pgsql='true'
prefix='/usr/local'
program_transform_name='s,x,x,'
psdir='${docdir}'
rebar='/data/data/com.termux/files/usr/bin/mix'
redis='false'
roster_gateway_workaround='false'
runstatedir='${localstatedir}/run'
sbindir='${exec_prefix}/sbin'
sharedstatedir='${prefix}/com'
sip='false'
sqlite='false'
stun='true'
sysconfdir='${prefix}/etc'
system_deps='false'
target_alias=''
tools='false'
zlib='true'

## ----------- ##
## confdefs.h. ##
## ----------- ##

/* confdefs.h */
#define PACKAGE_NAME "ejabberd"
#define PACKAGE_TARNAME "ejabberd"
#define PACKAGE_VERSION "25.04"
#define PACKAGE_STRING "ejabberd 25.04"
#define PACKAGE_BUGREPORT "ejabberd@process-one.net"
#define PACKAGE_URL ""

configure: exit 0
