This file contains any messages produced by compilers while
running configure, to aid debugging if configure makes a mistake.

It was created by eimp configure 1.0.0, which was
generated by GNU Autoconf 2.69.  Invocation command line was

  $ ./configure 

## --------- ##
## Platform. ##
## --------- ##

hostname = localhost
uname -m = aarch64
uname -r = 4.14.83+
uname -s = Linux
uname -v = #1 SMP PREEMPT Thu Aug 22 20:41:14 +07 2019

/usr/bin/uname -p = unknown
/bin/uname -X     = unknown

/bin/arch              = unknown
/usr/bin/arch -k       = unknown
/usr/convex/getsysinfo = unknown
/usr/bin/hostinfo      = unknown
/bin/machine           = unknown
/usr/bin/oslevel       = unknown
/bin/universe          = unknown

PATH: /data/data/com.termux/files/usr/bin


## ----------- ##
## Core tests. ##
## ----------- ##

configure:2083: checking for gcc
configure:2099: found /data/data/com.termux/files/usr/bin/gcc
configure:2110: result: gcc
configure:2339: checking for C compiler version
configure:2348: gcc --version >&5
clang version 20.1.7
Target: aarch64-unknown-linux-android24
Thread model: posix
InstalledDir: /data/data/com.termux/files/usr/bin
configure:2359: $? = 0
configure:2348: gcc -v >&5
clang version 20.1.7
Target: aarch64-unknown-linux-android24
Thread model: posix
InstalledDir: /data/data/com.termux/files/usr/bin
configure:2359: $? = 0
configure:2348: gcc -V >&5
gcc: error: argument to '-V' is missing (expected 1 value)
gcc: error: no input files
configure:2359: $? = 1
configure:2348: gcc -qversion >&5
gcc: error: unknown argument '-qversion'; did you mean '--version'?
gcc: error: no input files
configure:2359: $? = 1
configure:2379: checking whether the C compiler works
configure:2401: gcc    conftest.c  >&5
configure:2405: $? = 0
configure:2453: result: yes
configure:2456: checking for C compiler default output file name
configure:2458: result: a.out
configure:2464: checking for suffix of executables
configure:2471: gcc -o conftest    conftest.c  >&5
configure:2475: $? = 0
configure:2497: result: 
configure:2519: checking whether we are cross compiling
configure:2527: gcc -o conftest    conftest.c  >&5
configure:2531: $? = 0
configure:2538: ./conftest
configure:2542: $? = 0
configure:2557: result: no
configure:2562: checking for suffix of object files
configure:2584: gcc -c   conftest.c >&5
configure:2588: $? = 0
configure:2609: result: o
configure:2613: checking whether we are using the GNU C compiler
configure:2632: gcc -c   conftest.c >&5
configure:2632: $? = 0
configure:2641: result: yes
configure:2650: checking whether gcc accepts -g
configure:2670: gcc -c -g  conftest.c >&5
configure:2670: $? = 0
configure:2711: result: yes
configure:2728: checking for gcc option to accept ISO C89
configure:2791: gcc  -c -g -O2  conftest.c >&5
conftest.c:15:14: warning: a function definition without a prototype is deprecated in all versions of C and is not supported in C23 [-Wdeprecated-non-prototype]
   15 | static char *e (p, i)
      |              ^
1 warning generated.
configure:2791: $? = 0
configure:2804: result: none needed
configure:2824: checking whether make sets $(MAKE)
configure:2846: result: yes
configure:2862: checking for an ANSI C-conforming const
configure:2928: gcc -c -g -O2 -Wall  conftest.c >&5
conftest.c:44:16: warning: variable 'foo' set but not used [-Wunused-but-set-variable]
   44 |     const int *foo = &x[0];
      |                ^
conftest.c:49:10: warning: variable 'p' set but not used [-Wunused-but-set-variable]
   49 |     iptr p = 0;
      |          ^
2 warnings generated.
configure:2928: $? = 0
configure:2935: result: yes
configure:2950: checking how to run the C preprocessor
configure:2981: gcc -E  conftest.c
configure:2981: $? = 0
configure:2995: gcc -E  conftest.c
conftest.c:9:10: fatal error: 'ac_nonexistent.h' file not found
    9 | #include <ac_nonexistent.h>
      |          ^~~~~~~~~~~~~~~~~~
1 error generated.
configure:2995: $? = 1
configure: failed program was:
| /* confdefs.h */
| #define PACKAGE_NAME "eimp"
| #define PACKAGE_TARNAME "eimp"
| #define PACKAGE_VERSION "1.0.0"
| #define PACKAGE_STRING "eimp 1.0.0"
| #define PACKAGE_BUGREPORT ""
| #define PACKAGE_URL ""
| /* end confdefs.h.  */
| #include <ac_nonexistent.h>
configure:3020: result: gcc -E
configure:3040: gcc -E  conftest.c
configure:3040: $? = 0
configure:3054: gcc -E  conftest.c
conftest.c:9:10: fatal error: 'ac_nonexistent.h' file not found
    9 | #include <ac_nonexistent.h>
      |          ^~~~~~~~~~~~~~~~~~
1 error generated.
configure:3054: $? = 1
configure: failed program was:
| /* confdefs.h */
| #define PACKAGE_NAME "eimp"
| #define PACKAGE_TARNAME "eimp"
| #define PACKAGE_VERSION "1.0.0"
| #define PACKAGE_STRING "eimp 1.0.0"
| #define PACKAGE_BUGREPORT ""
| #define PACKAGE_URL ""
| /* end confdefs.h.  */
| #include <ac_nonexistent.h>
configure:3083: checking for grep that handles long lines and -e
configure:3141: result: /data/data/com.termux/files/usr/bin/grep
configure:3146: checking for egrep
configure:3208: result: /data/data/com.termux/files/usr/bin/grep -E
configure:3213: checking for ANSI C header files
configure:3233: gcc -c -g -O2 -Wall  conftest.c >&5
configure:3233: $? = 0
configure:3306: gcc -o conftest -g -O2 -Wall   conftest.c  >&5
configure:3306: $? = 0
configure:3306: ./conftest
configure:3306: $? = 0
configure:3317: result: yes
configure:3330: checking for sys/types.h
configure:3330: gcc -c -g -O2 -Wall  conftest.c >&5
configure:3330: $? = 0
configure:3330: result: yes
configure:3330: checking for sys/stat.h
configure:3330: gcc -c -g -O2 -Wall  conftest.c >&5
configure:3330: $? = 0
configure:3330: result: yes
configure:3330: checking for stdlib.h
configure:3330: gcc -c -g -O2 -Wall  conftest.c >&5
configure:3330: $? = 0
configure:3330: result: yes
configure:3330: checking for string.h
configure:3330: gcc -c -g -O2 -Wall  conftest.c >&5
configure:3330: $? = 0
configure:3330: result: yes
configure:3330: checking for memory.h
configure:3330: gcc -c -g -O2 -Wall  conftest.c >&5
configure:3330: $? = 0
configure:3330: result: yes
configure:3330: checking for strings.h
configure:3330: gcc -c -g -O2 -Wall  conftest.c >&5
configure:3330: $? = 0
configure:3330: result: yes
configure:3330: checking for inttypes.h
configure:3330: gcc -c -g -O2 -Wall  conftest.c >&5
configure:3330: $? = 0
configure:3330: result: yes
configure:3330: checking for stdint.h
configure:3330: gcc -c -g -O2 -Wall  conftest.c >&5
configure:3330: $? = 0
configure:3330: result: yes
configure:3330: checking for unistd.h
configure:3330: gcc -c -g -O2 -Wall  conftest.c >&5
configure:3330: $? = 0
configure:3330: result: yes
configure:3344: checking for stdlib.h
configure:3344: result: yes
configure:3354: checking for GNU libc compatible malloc
configure:3378: gcc -o conftest -g -O2 -Wall   conftest.c  >&5
configure:3378: $? = 0
configure:3378: ./conftest
configure:3378: $? = 0
configure:3388: result: yes
configure:3409: checking for ANSI C header files
configure:3513: result: yes
configure:3575: checking for erl
configure:3593: found /data/data/com.termux/files/usr/bin/erl
configure:3605: result: /data/data/com.termux/files/usr/bin/erl
configure:3684: checking for erlc
configure:3702: found /data/data/com.termux/files/usr/bin/erlc
configure:3714: result: /data/data/com.termux/files/usr/bin/erlc
configure:3749: checking gd.h usability
configure:3749: gcc -c -g -O2 -Wall  conftest.c >&5
configure:3749: $? = 0
configure:3749: result: yes
configure:3749: checking gd.h presence
configure:3749: gcc -E  conftest.c
configure:3749: $? = 0
configure:3749: result: yes
configure:3749: checking for gd.h
configure:3749: result: yes
configure:3756: checking for library containing gdImageScale
configure:3787: gcc -o conftest -g -O2 -Wall   conftest.c  >&5
ld.lld: error: undefined symbol: gdImageScale
>>> referenced by conftest.c:34
>>>               /data/data/com.termux/files/usr/tmp/conftest-8b2391.o:(main)
gcc: error: linker command failed with exit code 1 (use -v to see invocation)
configure:3787: $? = 1
configure: failed program was:
| /* confdefs.h */
| #define PACKAGE_NAME "eimp"
| #define PACKAGE_TARNAME "eimp"
| #define PACKAGE_VERSION "1.0.0"
| #define PACKAGE_STRING "eimp 1.0.0"
| #define PACKAGE_BUGREPORT ""
| #define PACKAGE_URL ""
| #define STDC_HEADERS 1
| #define HAVE_SYS_TYPES_H 1
| #define HAVE_SYS_STAT_H 1
| #define HAVE_STDLIB_H 1
| #define HAVE_STRING_H 1
| #define HAVE_MEMORY_H 1
| #define HAVE_STRINGS_H 1
| #define HAVE_INTTYPES_H 1
| #define HAVE_STDINT_H 1
| #define HAVE_UNISTD_H 1
| #define HAVE_STDLIB_H 1
| #define HAVE_MALLOC 1
| #define STDC_HEADERS 1
| #define HAVE_GD_H 1
| /* end confdefs.h.  */
| 
| /* Override any GCC internal prototype to avoid an error.
|    Use char because int might match the return type of a GCC
|    builtin and then its argument prototype would still apply.  */
| #ifdef __cplusplus
| extern "C"
| #endif
| char gdImageScale ();
| int
| main ()
| {
| return gdImageScale ();
|   ;
|   return 0;
| }
configure:3787: gcc -o conftest -g -O2 -Wall   conftest.c -lgd   >&5
configure:3787: $? = 0
configure:3804: result: -lgd
configure:3813: checking jpeglib.h usability
configure:3813: gcc -c -g -O2 -Wall  conftest.c >&5
configure:3813: $? = 0
configure:3813: result: yes
configure:3813: checking jpeglib.h presence
configure:3813: gcc -E  conftest.c
configure:3813: $? = 0
configure:3813: result: yes
configure:3813: checking for jpeglib.h
configure:3813: result: yes
configure:3819: checking for library containing gdImageCreateFromJpegPtr, gdImageJpegPtr
configure:3850: gcc -o conftest -g -O2 -Wall   conftest.c -lgd  >&5
conftest.c:35:8: warning: left operand of comma operator has no effect [-Wunused-value]
   35 | return gdImageCreateFromJpegPtr, gdImageJpegPtr ();
      |        ^~~~~~~~~~~~~~~~~~~~~~~~
1 warning generated.
configure:3850: $? = 0
configure:3867: result: none required
configure:3873: checking for library containing jpeg_read_header
configure:3904: gcc -o conftest -g -O2 -Wall   conftest.c -lgd  >&5
ld.lld: error: undefined symbol: jpeg_read_header
>>> referenced by conftest.c:35
>>>               /data/data/com.termux/files/usr/tmp/conftest-56acd3.o:(main)
gcc: error: linker command failed with exit code 1 (use -v to see invocation)
configure:3904: $? = 1
configure: failed program was:
| /* confdefs.h */
| #define PACKAGE_NAME "eimp"
| #define PACKAGE_TARNAME "eimp"
| #define PACKAGE_VERSION "1.0.0"
| #define PACKAGE_STRING "eimp 1.0.0"
| #define PACKAGE_BUGREPORT ""
| #define PACKAGE_URL ""
| #define STDC_HEADERS 1
| #define HAVE_SYS_TYPES_H 1
| #define HAVE_SYS_STAT_H 1
| #define HAVE_STDLIB_H 1
| #define HAVE_STRING_H 1
| #define HAVE_MEMORY_H 1
| #define HAVE_STRINGS_H 1
| #define HAVE_INTTYPES_H 1
| #define HAVE_STDINT_H 1
| #define HAVE_UNISTD_H 1
| #define HAVE_STDLIB_H 1
| #define HAVE_MALLOC 1
| #define STDC_HEADERS 1
| #define HAVE_GD_H 1
| #define HAVE_JPEGLIB_H 1
| /* end confdefs.h.  */
| 
| /* Override any GCC internal prototype to avoid an error.
|    Use char because int might match the return type of a GCC
|    builtin and then its argument prototype would still apply.  */
| #ifdef __cplusplus
| extern "C"
| #endif
| char jpeg_read_header ();
| int
| main ()
| {
| return jpeg_read_header ();
|   ;
|   return 0;
| }
configure:3904: gcc -o conftest -g -O2 -Wall   conftest.c -ljpeg  -lgd  >&5
configure:3904: $? = 0
configure:3921: result: -ljpeg
configure:3948: checking png.h usability
configure:3948: gcc -c -g -O2 -Wall  conftest.c >&5
configure:3948: $? = 0
configure:3948: result: yes
configure:3948: checking png.h presence
configure:3948: gcc -E  conftest.c
configure:3948: $? = 0
configure:3948: result: yes
configure:3948: checking for png.h
configure:3948: result: yes
configure:3954: checking for library containing gdImageCreateFromPngPtr, gdImagePngPtr
configure:3985: gcc -o conftest -g -O2 -Wall   conftest.c -ljpeg -lgd  >&5
conftest.c:36:8: warning: left operand of comma operator has no effect [-Wunused-value]
   36 | return gdImageCreateFromPngPtr, gdImagePngPtr ();
      |        ^~~~~~~~~~~~~~~~~~~~~~~
1 warning generated.
configure:3985: $? = 0
configure:4002: result: none required
configure:4008: checking for library containing png_sig_cmp
configure:4039: gcc -o conftest -g -O2 -Wall   conftest.c -ljpeg -lgd  >&5
ld.lld: error: undefined symbol: png_sig_cmp
>>> referenced by conftest.c:36
>>>               /data/data/com.termux/files/usr/tmp/conftest-70137f.o:(main)
gcc: error: linker command failed with exit code 1 (use -v to see invocation)
configure:4039: $? = 1
configure: failed program was:
| /* confdefs.h */
| #define PACKAGE_NAME "eimp"
| #define PACKAGE_TARNAME "eimp"
| #define PACKAGE_VERSION "1.0.0"
| #define PACKAGE_STRING "eimp 1.0.0"
| #define PACKAGE_BUGREPORT ""
| #define PACKAGE_URL ""
| #define STDC_HEADERS 1
| #define HAVE_SYS_TYPES_H 1
| #define HAVE_SYS_STAT_H 1
| #define HAVE_STDLIB_H 1
| #define HAVE_STRING_H 1
| #define HAVE_MEMORY_H 1
| #define HAVE_STRINGS_H 1
| #define HAVE_INTTYPES_H 1
| #define HAVE_STDINT_H 1
| #define HAVE_UNISTD_H 1
| #define HAVE_STDLIB_H 1
| #define HAVE_MALLOC 1
| #define STDC_HEADERS 1
| #define HAVE_GD_H 1
| #define HAVE_JPEGLIB_H 1
| #define HAVE_PNG_H 1
| /* end confdefs.h.  */
| 
| /* Override any GCC internal prototype to avoid an error.
|    Use char because int might match the return type of a GCC
|    builtin and then its argument prototype would still apply.  */
| #ifdef __cplusplus
| extern "C"
| #endif
| char png_sig_cmp ();
| int
| main ()
| {
| return png_sig_cmp ();
|   ;
|   return 0;
| }
configure:4039: gcc -o conftest -g -O2 -Wall   conftest.c -lpng  -ljpeg -lgd  >&5
configure:4039: $? = 0
configure:4056: result: -lpng
configure:4083: checking webp/decode.h usability
configure:4083: gcc -c -g -O2 -Wall  conftest.c >&5
configure:4083: $? = 0
configure:4083: result: yes
configure:4083: checking webp/decode.h presence
configure:4083: gcc -E  conftest.c
configure:4083: $? = 0
configure:4083: result: yes
configure:4083: checking for webp/decode.h
configure:4083: result: yes
configure:4089: checking for library containing gdImageCreateFromWebpPtr, gdImageWebpPtr
configure:4120: gcc -o conftest -g -O2 -Wall   conftest.c -lpng -ljpeg -lgd  >&5
conftest.c:37:8: warning: left operand of comma operator has no effect [-Wunused-value]
   37 | return gdImageCreateFromWebpPtr, gdImageWebpPtr ();
      |        ^~~~~~~~~~~~~~~~~~~~~~~~
1 warning generated.
configure:4120: $? = 0
configure:4137: result: none required
configure:4143: checking for library containing WebPGetInfo
configure:4174: gcc -o conftest -g -O2 -Wall   conftest.c -lpng -ljpeg -lgd  >&5
ld.lld: error: undefined symbol: WebPGetInfo
>>> referenced by conftest.c:37
>>>               /data/data/com.termux/files/usr/tmp/conftest-f08357.o:(main)
gcc: error: linker command failed with exit code 1 (use -v to see invocation)
configure:4174: $? = 1
configure: failed program was:
| /* confdefs.h */
| #define PACKAGE_NAME "eimp"
| #define PACKAGE_TARNAME "eimp"
| #define PACKAGE_VERSION "1.0.0"
| #define PACKAGE_STRING "eimp 1.0.0"
| #define PACKAGE_BUGREPORT ""
| #define PACKAGE_URL ""
| #define STDC_HEADERS 1
| #define HAVE_SYS_TYPES_H 1
| #define HAVE_SYS_STAT_H 1
| #define HAVE_STDLIB_H 1
| #define HAVE_STRING_H 1
| #define HAVE_MEMORY_H 1
| #define HAVE_STRINGS_H 1
| #define HAVE_INTTYPES_H 1
| #define HAVE_STDINT_H 1
| #define HAVE_UNISTD_H 1
| #define HAVE_STDLIB_H 1
| #define HAVE_MALLOC 1
| #define STDC_HEADERS 1
| #define HAVE_GD_H 1
| #define HAVE_JPEGLIB_H 1
| #define HAVE_PNG_H 1
| #define HAVE_WEBP_DECODE_H 1
| /* end confdefs.h.  */
| 
| /* Override any GCC internal prototype to avoid an error.
|    Use char because int might match the return type of a GCC
|    builtin and then its argument prototype would still apply.  */
| #ifdef __cplusplus
| extern "C"
| #endif
| char WebPGetInfo ();
| int
| main ()
| {
| return WebPGetInfo ();
|   ;
|   return 0;
| }
configure:4174: gcc -o conftest -g -O2 -Wall   conftest.c -lwebp  -lpng -ljpeg -lgd  >&5
configure:4174: $? = 0
configure:4191: result: -lwebp
configure:4402: creating ./config.status

## ---------------------- ##
## Running config.status. ##
## ---------------------- ##

This file was extended by eimp config.status 1.0.0, which was
generated by GNU Autoconf 2.69.  Invocation command line was

  CONFIG_FILES    = 
  CONFIG_HEADERS  = 
  CONFIG_LINKS    = 
  CONFIG_COMMANDS = 
  $ ./config.status 

on localhost

config.status:733: creating vars.config

## ---------------- ##
## Cache variables. ##
## ---------------- ##

ac_cv_c_compiler_gnu='yes'
ac_cv_c_const='yes'
ac_cv_env_CC_set=''
ac_cv_env_CC_value=''
ac_cv_env_CFLAGS_set=''
ac_cv_env_CFLAGS_value=''
ac_cv_env_CPPFLAGS_set=''
ac_cv_env_CPPFLAGS_value=''
ac_cv_env_CPP_set=''
ac_cv_env_CPP_value=''
ac_cv_env_ERLCFLAGS_set=''
ac_cv_env_ERLCFLAGS_value=''
ac_cv_env_ERLC_set=''
ac_cv_env_ERLC_value=''
ac_cv_env_ERL_set=''
ac_cv_env_ERL_value=''
ac_cv_env_LDFLAGS_set=''
ac_cv_env_LDFLAGS_value=''
ac_cv_env_LIBS_set=''
ac_cv_env_LIBS_value=''
ac_cv_env_build_alias_set=''
ac_cv_env_build_alias_value=''
ac_cv_env_host_alias_set=''
ac_cv_env_host_alias_value=''
ac_cv_env_target_alias_set=''
ac_cv_env_target_alias_value=''
ac_cv_func_malloc_0_nonnull='yes'
ac_cv_header_gd_h='yes'
ac_cv_header_inttypes_h='yes'
ac_cv_header_jpeglib_h='yes'
ac_cv_header_memory_h='yes'
ac_cv_header_png_h='yes'
ac_cv_header_stdc='yes'
ac_cv_header_stdint_h='yes'
ac_cv_header_stdlib_h='yes'
ac_cv_header_string_h='yes'
ac_cv_header_strings_h='yes'
ac_cv_header_sys_stat_h='yes'
ac_cv_header_sys_types_h='yes'
ac_cv_header_unistd_h='yes'
ac_cv_header_webp_decode_h='yes'
ac_cv_objext='o'
ac_cv_path_EGREP='/data/data/com.termux/files/usr/bin/grep -E'
ac_cv_path_GREP='/data/data/com.termux/files/usr/bin/grep'
ac_cv_path_ac_pt_ERL='/data/data/com.termux/files/usr/bin/erl'
ac_cv_path_ac_pt_ERLC='/data/data/com.termux/files/usr/bin/erlc'
ac_cv_prog_CPP='gcc -E'
ac_cv_prog_ac_ct_CC='gcc'
ac_cv_prog_cc_c89=''
ac_cv_prog_cc_g='yes'
ac_cv_prog_make_make_set='yes'
ac_cv_search_WebPGetInfo='-lwebp'
ac_cv_search_gdImageCreateFromJpegPtr__gdImageJpegPtr='none required'
ac_cv_search_gdImageCreateFromPngPtr__gdImagePngPtr='none required'
ac_cv_search_gdImageCreateFromWebpPtr__gdImageWebpPtr='none required'
ac_cv_search_gdImageScale='-lgd'
ac_cv_search_jpeg_read_header='-ljpeg'
ac_cv_search_png_sig_cmp='-lpng'

## ----------------- ##
## Output variables. ##
## ----------------- ##

CC='gcc'
CFLAGS='-g -O2 -Wall'
CPP='gcc -E'
CPPFLAGS=''
DEFS='-DPACKAGE_NAME=\"eimp\" -DPACKAGE_TARNAME=\"eimp\" -DPACKAGE_VERSION=\"1.0.0\" -DPACKAGE_STRING=\"eimp\ 1.0.0\" -DPACKAGE_BUGREPORT=\"\" -DPACKAGE_URL=\"\" -DSTDC_HEADERS=1 -DHAVE_SYS_TYPES_H=1 -DHAVE_SYS_STAT_H=1 -DHAVE_STDLIB_H=1 -DHAVE_STRING_H=1 -DHAVE_MEMORY_H=1 -DHAVE_STRINGS_H=1 -DHAVE_INTTYPES_H=1 -DHAVE_STDINT_H=1 -DHAVE_UNISTD_H=1 -DHAVE_STDLIB_H=1 -DHAVE_MALLOC=1 -DSTDC_HEADERS=1 -DHAVE_GD_H=1 -DHAVE_JPEGLIB_H=1 -DHAVE_PNG_H=1 -DHAVE_WEBP_DECODE_H=1'
ECHO_C=''
ECHO_N='-n'
ECHO_T=''
EGREP='/data/data/com.termux/files/usr/bin/grep -E'
ERL='/data/data/com.termux/files/usr/bin/erl'
ERLC='/data/data/com.termux/files/usr/bin/erlc'
ERLCFLAGS=''
EXEEXT=''
GREP='/data/data/com.termux/files/usr/bin/grep'
LDFLAGS=''
LIBOBJS=''
LIBS='-lwebp -lpng -ljpeg -lgd '
LTLIBOBJS=''
OBJEXT='o'
PACKAGE_BUGREPORT=''
PACKAGE_NAME='eimp'
PACKAGE_STRING='eimp 1.0.0'
PACKAGE_TARNAME='eimp'
PACKAGE_URL=''
PACKAGE_VERSION='1.0.0'
PATH_SEPARATOR=':'
SET_MAKE=''
SHELL='/bin/sh'
ac_ct_CC='gcc'
bindir='${exec_prefix}/bin'
build_alias=''
datadir='${datarootdir}'
datarootdir='${prefix}/share'
docdir='${datarootdir}/doc/${PACKAGE_TARNAME}'
dvidir='${docdir}'
exec_prefix='${prefix}'
gcov='false'
gd='-DHAVE_GD'
host_alias=''
htmldir='${docdir}'
includedir='${prefix}/include'
infodir='${datarootdir}/info'
jpeg='-DHAVE_JPEG'
libdir='${exec_prefix}/lib'
libexecdir='${exec_prefix}/libexec'
localedir='${datarootdir}/locale'
localstatedir='${prefix}/var'
mandir='${datarootdir}/man'
oldincludedir='/usr/include'
pdfdir='${docdir}'
png='-DHAVE_PNG'
prefix='/usr/local'
program_transform_name='s,x,x,'
psdir='${docdir}'
sbindir='${exec_prefix}/sbin'
sharedstatedir='${prefix}/com'
sysconfdir='${prefix}/etc'
target_alias=''
webp='-DHAVE_WEBP'

## ----------- ##
## confdefs.h. ##
## ----------- ##

/* confdefs.h */
#define PACKAGE_NAME "eimp"
#define PACKAGE_TARNAME "eimp"
#define PACKAGE_VERSION "1.0.0"
#define PACKAGE_STRING "eimp 1.0.0"
#define PACKAGE_BUGREPORT ""
#define PACKAGE_URL ""
#define STDC_HEADERS 1
#define HAVE_SYS_TYPES_H 1
#define HAVE_SYS_STAT_H 1
#define HAVE_STDLIB_H 1
#define HAVE_STRING_H 1
#define HAVE_MEMORY_H 1
#define HAVE_STRINGS_H 1
#define HAVE_INTTYPES_H 1
#define HAVE_STDINT_H 1
#define HAVE_UNISTD_H 1
#define HAVE_STDLIB_H 1
#define HAVE_MALLOC 1
#define STDC_HEADERS 1
#define HAVE_GD_H 1
#define HAVE_JPEGLIB_H 1
#define HAVE_PNG_H 1
#define HAVE_WEBP_DECODE_H 1

configure: exit 0
